[2025-09-19 18:11:54] Comando importar-dados executado com sucesso.
[2025-09-19 18:12:00] Comando importar-dados executado com sucesso.
[2025-09-19 18:12:08] Voo ALT123 enfileirado para decolagem
[2025-09-19 18:12:14] Voo ALT901 enfileirado para pouso
[2025-09-19 18:12:22] AUTORIZADO: voo ALT123 em pista 10/28
[2025-09-19 18:12:43] NEGADO: visibilidade baixa (5KM), apenas 1 operação por vez
[2025-09-19 18:14:17] AUTORIZADO: voo ALT901 em pista 10/28
[2025-09-19 18:14:27] Voo ALT901 enfileirado para pouso
[2025-09-19 18:14:31] AUTORIZADO: voo ALT901 em pista 10/28
[2025-09-19 18:15:44] Nenhum voo na fila de pouso
[2025-09-19 18:15:46] Voo ALT901 enfileirado para pouso
[2025-09-19 18:15:48] NEGADO: NOTAM ativa na pista 01/19 (MANUTENCAO) no horário 14:05
[2025-09-19 18:16:42] Relatório gerado.
[2025-09-19 20:16:22] Comando importar-dados executado com sucesso.
[2025-09-19 20:19:41] Comando importar-dados executado com sucesso.
[2025-09-19 21:40:00] Comando importar-dados executado com sucesso.
[2025-09-19 21:40:41] Voo ALT123 enfileirado para decolagem
[2025-09-19 21:40:59] Voo ALT901 enfileirado para pouso
[2025-09-19 21:41:56] AUTORIZADO: voo ALT123 em pista 10/28
[2025-09-19 21:42:20] NEGADO: NOTAM ativa na pista 01/19 (MANUTENCAO) no horário 14:05
[2025-09-19 21:42:42] NEGADO: visibilidade baixa (5KM), apenas 1 operação por vez
[2025-09-19 21:43:08] Relatório gerado.
